# JRE version: OpenJDK Runtime Environment (11.0.10) (build 11.0.10+0-b96-7249189)
# Java VM: OpenJDK 64-Bit Server VM (11.0.10+0-b96-7249189, mixed mode, tiered, compressed oops, g1 gc, windows-amd64)
Heap:
 garbage-first heap   total 129024K, used 48151K [0x0000000080000000, 0x0000000100000000)
  region size 1024K, 33 young (33792K), 7 survivors (7168K)
 Metaspace       used 36481K, capacity 37360K, committed 37580K, reserved 1081344K
  class space    used 4707K, capacity 5008K, committed 5068K, reserved 1048576K
GC Heap History (12 events):
Event: 1.126 GC heap before
{Heap before GC invocations=0 (full 0):
 garbage-first heap   total 129024K, used 29696K [0x0000000080000000, 0x0000000100000000)
  region size 1024K, 24 young (24576K), 0 survivors (0K)
 Metaspace       used 9787K, capacity 9986K, committed 10112K, reserved 1058816K
  class space    used 1021K, capacity 1102K, committed 1152K, reserved 1048576K
}
Event: 1.132 GC heap after
{Heap after GC invocations=1 (full 0):
 garbage-first heap   total 129024K, used 9146K [0x0000000080000000, 0x0000000100000000)
  region size 1024K, 3 young (3072K), 3 survivors (3072K)
 Metaspace       used 9787K, capacity 9986K, committed 10112K, reserved 1058816K
  class space    used 1021K, capacity 1102K, committed 1152K, reserved 1048576K
}
Event: 2.449 GC heap before
{Heap before GC invocations=1 (full 0):
 garbage-first heap   total 129024K, used 31674K [0x0000000080000000, 0x0000000100000000)
  region size 1024K, 25 young (25600K), 3 survivors (3072K)
 Metaspace       used 10728K, capacity 11003K, committed 11264K, reserved 1058816K
  class space    used 1122K, capacity 1206K, committed 1280K, reserved 1048576K
}
Event: 2.473 GC heap after
{Heap after GC invocations=2 (full 0):
 garbage-first heap   total 129024K, used 10332K [0x0000000080000000, 0x0000000100000000)
  region size 1024K, 1 young (1024K), 1 survivors (1024K)
 Metaspace       used 10728K, capacity 11003K, committed 11264K, reserved 1058816K
  class space    used 1122K, capacity 1206K, committed 1280K, reserved 1048576K
}
Event: 7.299 GC heap before
{Heap before GC invocations=2 (full 0):
 garbage-first heap   total 129024K, used 58460K [0x0000000080000000, 0x0000000100000000)
  region size 1024K, 47 young (48128K), 1 survivors (1024K)
 Metaspace       used 17429K, capacity 17830K, committed 18048K, reserved 1064960K
  class space    used 2033K, capacity 2172K, committed 2176K, reserved 1048576K
}
Event: 7.304 GC heap after
{Heap after GC invocations=3 (full 0):
 garbage-first heap   total 129024K, used 16666K [0x0000000080000000, 0x0000000100000000)
  region size 1024K, 6 young (6144K), 6 survivors (6144K)
 Metaspace       used 17429K, capacity 17830K, committed 18048K, reserved 1064960K
  class space    used 2033K, capacity 2172K, committed 2176K, reserved 1048576K
}
Event: 7.625 GC heap before
{Heap before GC invocations=3 (full 0):
 garbage-first heap   total 129024K, used 44314K [0x0000000080000000, 0x0000000100000000)
  region size 1024K, 34 young (34816K), 6 survivors (6144K)
 Metaspace       used 20636K, capacity 21118K, committed 21248K, reserved 1067008K
  class space    used 2520K, capacity 2720K, committed 2816K, reserved 1048576K
}
Event: 7.631 GC heap after
{Heap after GC invocations=4 (full 0):
 garbage-first heap   total 129024K, used 17430K [0x0000000080000000, 0x0000000100000000)
  region size 1024K, 2 young (2048K), 2 survivors (2048K)
 Metaspace       used 20636K, capacity 21118K, committed 21248K, reserved 1067008K
  class space    used 2520K, capacity 2720K, committed 2816K, reserved 1048576K
}
Event: 8.488 GC heap before
{Heap before GC invocations=5 (full 0):
 garbage-first heap   total 129024K, used 65558K [0x0000000080000000, 0x0000000100000000)
  region size 1024K, 50 young (51200K), 2 survivors (2048K)
 Metaspace       used 25639K, capacity 26290K, committed 26496K, reserved 1073152K
  class space    used 3355K, capacity 3598K, committed 3712K, reserved 1048576K
}
Event: 8.492 GC heap after
{Heap after GC invocations=6 (full 0):
 garbage-first heap   total 129024K, used 19017K [0x0000000080000000, 0x0000000100000000)
  region size 1024K, 3 young (3072K), 3 survivors (3072K)
 Metaspace       used 25639K, capacity 26290K, committed 26496K, reserved 1073152K
  class space    used 3355K, capacity 3598K, committed 3712K, reserved 1048576K
}
Event: 15.002 GC heap before
{Heap before GC invocations=6 (full 0):
 garbage-first heap   total 129024K, used 78409K [0x0000000080000000, 0x0000000100000000)
  region size 1024K, 63 young (64512K), 3 survivors (3072K)
 Metaspace       used 35024K, capacity 35831K, committed 35840K, reserved 1081344K
  class space    used 4535K, capacity 4864K, committed 4864K, reserved 1048576K
}
Event: 15.012 GC heap after
{Heap after GC invocations=7 (full 0):
 garbage-first heap   total 129024K, used 22551K [0x0000000080000000, 0x0000000100000000)
  region size 1024K, 7 young (7168K), 7 survivors (7168K)
 Metaspace       used 35024K, capacity 35831K, committed 35840K, reserved 1081344K
  class space    used 4535K, capacity 4864K, committed 4864K, reserved 1048576K
}

