# JRE version: OpenJDK Runtime Environment (11.0.10) (build 11.0.10+0-b96-7249189)
# Java VM: OpenJDK 64-Bit Server VM (11.0.10+0-b96-7249189, mixed mode, tiered, compressed oops, g1 gc, windows-amd64)
Heap:
 garbage-first heap   total 187392K, used 88629K [0x0000000080000000, 0x0000000100000000)
  region size 1024K, 4 young (4096K), 4 survivors (4096K)
 Metaspace       used 96402K, capacity 98532K, committed 98944K, reserved 1134592K
  class space    used 12029K, capacity 12800K, committed 12928K, reserved 1048576K
GC Heap History (20 events):
Event: 26.820 GC heap after
{Heap after GC invocations=34 (full 0):
 garbage-first heap   total 155648K, used 95163K [0x0000000080000000, 0x0000000100000000)
  region size 1024K, 2 young (2048K), 2 survivors (2048K)
 Metaspace       used 85355K, capacity 87432K, committed 88192K, reserved 1126400K
  class space    used 10936K, capacity 11678K, committed 11904K, reserved 1048576K
}
Event: 27.053 GC heap before
{Heap before GC invocations=35 (full 0):
 garbage-first heap   total 155648K, used 106427K [0x0000000080000000, 0x0000000100000000)
  region size 1024K, 15 young (15360K), 2 survivors (2048K)
 Metaspace       used 85507K, capacity 87624K, committed 88192K, reserved 1126400K
  class space    used 10941K, capacity 11678K, committed 11904K, reserved 1048576K
}
Event: 27.062 GC heap after
{Heap after GC invocations=36 (full 0):
 garbage-first heap   total 155648K, used 100592K [0x0000000080000000, 0x0000000100000000)
  region size 1024K, 4 young (4096K), 4 survivors (4096K)
 Metaspace       used 85507K, capacity 87624K, committed 88192K, reserved 1126400K
  class space    used 10941K, capacity 11678K, committed 11904K, reserved 1048576K
}
Event: 27.592 GC heap before
{Heap before GC invocations=37 (full 0):
 garbage-first heap   total 155648K, used 138479K [0x0000000080000000, 0x0000000100000000)
  region size 1024K, 25 young (25600K), 4 survivors (4096K)
 Metaspace       used 88109K, capacity 90209K, committed 90752K, reserved 1128448K
  class space    used 11161K, capacity 11962K, committed 12160K, reserved 1048576K
}
Event: 27.604 GC heap after
{Heap after GC invocations=38 (full 0):
 garbage-first heap   total 155648K, used 102045K [0x0000000080000000, 0x0000000100000000)
  region size 1024K, 2 young (2048K), 2 survivors (2048K)
 Metaspace       used 88109K, capacity 90209K, committed 90752K, reserved 1128448K
  class space    used 11161K, capacity 11962K, committed 12160K, reserved 1048576K
}
Event: 27.996 GC heap before
{Heap before GC invocations=38 (full 0):
 garbage-first heap   total 155648K, used 122525K [0x0000000080000000, 0x0000000100000000)
  region size 1024K, 23 young (23552K), 2 survivors (2048K)
 Metaspace       used 88326K, capacity 90412K, committed 91008K, reserved 1128448K
  class space    used 11175K, capacity 11964K, committed 12160K, reserved 1048576K
}
Event: 28.018 GC heap after
{Heap after GC invocations=39 (full 0):
 garbage-first heap   total 155648K, used 104229K [0x0000000080000000, 0x0000000100000000)
  region size 1024K, 3 young (3072K), 3 survivors (3072K)
 Metaspace       used 88326K, capacity 90412K, committed 91008K, reserved 1128448K
  class space    used 11175K, capacity 11964K, committed 12160K, reserved 1048576K
}
Event: 28.447 GC heap before
{Heap before GC invocations=40 (full 0):
 garbage-first heap   total 155648K, used 110373K [0x0000000080000000, 0x0000000100000000)
  region size 1024K, 24 young (24576K), 3 survivors (3072K)
 Metaspace       used 89922K, capacity 92092K, committed 92672K, reserved 1130496K
  class space    used 11296K, capacity 12092K, committed 12288K, reserved 1048576K
}
Event: 28.453 GC heap after
{Heap after GC invocations=41 (full 0):
 garbage-first heap   total 155648K, used 92179K [0x0000000080000000, 0x0000000100000000)
  region size 1024K, 3 young (3072K), 3 survivors (3072K)
 Metaspace       used 89922K, capacity 92092K, committed 92672K, reserved 1130496K
  class space    used 11296K, capacity 12092K, committed 12288K, reserved 1048576K
}
Event: 28.509 GC heap before
{Heap before GC invocations=41 (full 0):
 garbage-first heap   total 155648K, used 96275K [0x0000000080000000, 0x0000000100000000)
  region size 1024K, 7 young (7168K), 3 survivors (3072K)
 Metaspace       used 90285K, capacity 92444K, committed 92928K, reserved 1130496K
  class space    used 11324K, capacity 12124K, committed 12288K, reserved 1048576K
}
Event: 28.514 GC heap after
{Heap after GC invocations=42 (full 0):
 garbage-first heap   total 155648K, used 85253K [0x0000000080000000, 0x0000000100000000)
  region size 1024K, 1 young (1024K), 1 survivors (1024K)
 Metaspace       used 90285K, capacity 92444K, committed 92928K, reserved 1130496K
  class space    used 11324K, capacity 12124K, committed 12288K, reserved 1048576K
}
Event: 29.361 GC heap before
{Heap before GC invocations=42 (full 0):
 garbage-first heap   total 155648K, used 115973K [0x0000000080000000, 0x0000000100000000)
  region size 1024K, 31 young (31744K), 1 survivors (1024K)
 Metaspace       used 91363K, capacity 93535K, committed 94080K, reserved 1130496K
  class space    used 11430K, capacity 12206K, committed 12416K, reserved 1048576K
}
Event: 29.369 GC heap after
{Heap after GC invocations=43 (full 0):
 garbage-first heap   total 155648K, used 89473K [0x0000000080000000, 0x0000000100000000)
  region size 1024K, 4 young (4096K), 4 survivors (4096K)
 Metaspace       used 91363K, capacity 93535K, committed 94080K, reserved 1130496K
  class space    used 11430K, capacity 12206K, committed 12416K, reserved 1048576K
}
Event: 30.105 GC heap before
{Heap before GC invocations=44 (full 0):
 garbage-first heap   total 155648K, used 118145K [0x0000000080000000, 0x0000000100000000)
  region size 1024K, 33 young (33792K), 4 survivors (4096K)
 Metaspace       used 92948K, capacity 95160K, committed 95488K, reserved 1132544K
  class space    used 11602K, capacity 12383K, committed 12544K, reserved 1048576K
}
Event: 30.112 GC heap after
{Heap after GC invocations=45 (full 0):
 garbage-first heap   total 155648K, used 89538K [0x0000000080000000, 0x0000000100000000)
  region size 1024K, 1 young (1024K), 1 survivors (1024K)
 Metaspace       used 92948K, capacity 95160K, committed 95488K, reserved 1132544K
  class space    used 11602K, capacity 12383K, committed 12544K, reserved 1048576K
}
Event: 30.209 GC heap before
{Heap before GC invocations=45 (full 0):
 garbage-first heap   total 155648K, used 95682K [0x0000000080000000, 0x0000000100000000)
  region size 1024K, 7 young (7168K), 1 survivors (1024K)
 Metaspace       used 93383K, capacity 95608K, committed 96128K, reserved 1132544K
  class space    used 11664K, capacity 12447K, committed 12672K, reserved 1048576K
}
Event: 30.213 GC heap after
{Heap after GC invocations=46 (full 0):
 garbage-first heap   total 155648K, used 85420K [0x0000000080000000, 0x0000000100000000)
  region size 1024K, 1 young (1024K), 1 survivors (1024K)
 Metaspace       used 93383K, capacity 95608K, committed 96128K, reserved 1132544K
  class space    used 11664K, capacity 12447K, committed 12672K, reserved 1048576K
}
Event: 30.568 GC heap before
{Heap before GC invocations=46 (full 0):
 garbage-first heap   total 155648K, used 118188K [0x0000000080000000, 0x0000000100000000)
  region size 1024K, 33 young (33792K), 1 survivors (1024K)
 Metaspace       used 95732K, capacity 97976K, committed 98432K, reserved 1134592K
  class space    used 11975K, capacity 12767K, committed 12928K, reserved 1048576K
}
Event: 30.572 GC heap after
{Heap after GC invocations=47 (full 0):
 garbage-first heap   total 155648K, used 85771K [0x0000000080000000, 0x0000000100000000)
  region size 1024K, 2 young (2048K), 2 survivors (2048K)
 Metaspace       used 95732K, capacity 97976K, committed 98432K, reserved 1134592K
  class space    used 11975K, capacity 12767K, committed 12928K, reserved 1048576K
}
Event: 31.389 GC heap before
{Heap before GC invocations=48 (full 0):
 garbage-first heap   total 155648K, used 118539K [0x0000000080000000, 0x0000000100000000)
  region size 1024K, 35 young (35840K), 2 survivors (2048K)
 Metaspace       used 96402K, capacity 98532K, committed 98944K, reserved 1134592K
  class space    used 12029K, capacity 12800K, committed 12928K, reserved 1048576K
}

